<?xml version="1.0" encoding="UTF-8"?>
<!-- Generated by org.testng.reporters.JUnitReportReporter -->
<testsuite skipped="0" hostname="DESKTOP-HT4NKQD" name="testcart.Ebay" tests="1" failures="0" timestamp="2020-01-27T21:38:35 CET" time="145.459" errors="0">
  <testcase name="AddingToCart" time="145.459" classname="testcart.Ebay"/>
</testsuite> <!-- testcart.Ebay -->
